[debug] [2023-09-19T14:48:21.115Z] ----------------------------------------------------------------------
[debug] [2023-09-19T14:48:21.117Z] Command:       C:\Program Files\nodejs\node.exe C:\Users\Katleho\AppData\Roaming\npm\node_modules\firebase-tools\lib\bin\firebase.js deploy
[debug] [2023-09-19T14:48:21.117Z] CLI Version:   11.15.0
[debug] [2023-09-19T14:48:21.117Z] Platform:      win32
[debug] [2023-09-19T14:48:21.117Z] Node Version:  v16.18.0
[debug] [2023-09-19T14:48:21.118Z] Time:          Tue Sep 19 2023 16:48:21 GMT+0200 (South Africa Standard Time)
[debug] [2023-09-19T14:48:21.118Z] ----------------------------------------------------------------------
[debug] 
[debug] [2023-09-19T14:48:21.167Z] > command requires scopes: ["email","openid","https://www.googleapis.com/auth/cloudplatformprojects.readonly","https://www.googleapis.com/auth/firebase","https://www.googleapis.com/auth/cloud-platform"]
[debug] [2023-09-19T14:48:21.167Z] > authorizing via signed-in user (katlehosebiloane58@gmail.com)
[debug] [2023-09-19T14:48:21.167Z] [iam] checking project thuto-io for permissions ["firebase.projects.get","firebasehosting.sites.update"]
[debug] [2023-09-19T14:48:21.169Z] >>> [apiv2][query] POST https://cloudresourcemanager.googleapis.com/v1/projects/thuto-io:testIamPermissions [none]
[debug] [2023-09-19T14:48:21.169Z] >>> [apiv2][(partial)header] POST https://cloudresourcemanager.googleapis.com/v1/projects/thuto-io:testIamPermissions x-goog-quota-user=projects/thuto-io
[debug] [2023-09-19T14:48:21.169Z] >>> [apiv2][body] POST https://cloudresourcemanager.googleapis.com/v1/projects/thuto-io:testIamPermissions {"permissions":["firebase.projects.get","firebasehosting.sites.update"]}
[debug] [2023-09-19T14:48:23.171Z] <<< [apiv2][status] POST https://cloudresourcemanager.googleapis.com/v1/projects/thuto-io:testIamPermissions 200
[debug] [2023-09-19T14:48:23.171Z] <<< [apiv2][body] POST https://cloudresourcemanager.googleapis.com/v1/projects/thuto-io:testIamPermissions {"permissions":["firebase.projects.get","firebasehosting.sites.update"]}
[debug] [2023-09-19T14:48:23.171Z] >>> [apiv2][query] GET https://firebase.googleapis.com/v1beta1/projects/thuto-io [none]
[debug] [2023-09-19T14:48:23.760Z] <<< [apiv2][status] GET https://firebase.googleapis.com/v1beta1/projects/thuto-io 200
[debug] [2023-09-19T14:48:23.760Z] <<< [apiv2][body] GET https://firebase.googleapis.com/v1beta1/projects/thuto-io {"projectId":"thuto-io","projectNumber":"24367357500","displayName":"thuto-io","name":"projects/thuto-io","resources":{"hostingSite":"thuto-io"},"state":"ACTIVE","etag":"1_ffb09796-6800-46f3-8a3a-f1486f80a6a8"}
[info] 
[info] === Deploying to 'thuto-io'...
[info] 
[info] i  deploying hosting 
[debug] [2023-09-19T14:48:23.763Z] >>> [apiv2][query] POST https://firebasehosting.googleapis.com/v1beta1/projects/-/sites/thuto-io/versions [none]
[debug] [2023-09-19T14:48:23.763Z] >>> [apiv2][body] POST https://firebasehosting.googleapis.com/v1beta1/projects/-/sites/thuto-io/versions {"status":"CREATED","labels":{"deployment-tool":"cli-firebase"}}
[debug] [2023-09-19T14:48:26.513Z] <<< [apiv2][status] POST https://firebasehosting.googleapis.com/v1beta1/projects/-/sites/thuto-io/versions 200
[debug] [2023-09-19T14:48:26.513Z] <<< [apiv2][body] POST https://firebasehosting.googleapis.com/v1beta1/projects/-/sites/thuto-io/versions {"name":"projects/24367357500/sites/thuto-io/versions/6d6fb3db07b93e17","status":"CREATED","config":{},"labels":{"deployment-tool":"cli-firebase"}}
[info] i  hosting[thuto-io]: beginning deploy... 
[info] i  hosting[thuto-io]: found 25 files in dist/thuto-io 
[debug] [2023-09-19T14:48:26.521Z] [hosting] uploading with 200 concurrency
[debug] [2023-09-19T14:48:26.588Z] [hosting] hash cache [ZGlzdFx0aHV0by1pbw] stored for 25 files
[debug] [2023-09-19T14:48:26.588Z] [hosting][hash queue][FINAL] {"max":63,"min":1,"avg":5.08,"active":0,"complete":25,"success":25,"errored":0,"retried":0,"total":25,"elapsed":66}
[debug] [2023-09-19T14:48:26.588Z] >>> [apiv2][query] POST https://firebasehosting.googleapis.com/v1beta1/projects/24367357500/sites/thuto-io/versions/6d6fb3db07b93e17:populateFiles [none]
[debug] [2023-09-19T14:48:26.588Z] >>> [apiv2][body] POST https://firebasehosting.googleapis.com/v1beta1/projects/24367357500/sites/thuto-io/versions/6d6fb3db07b93e17:populateFiles {"files":{"/favicon.ico":"d81ce87d83db9afbba8aa3c6f5193b9f3dd492f5511240927cd08dfd876e70a5","/assets/bg1.png":"e2604bea6c9ed9ed846b7188293d306a0b60010089902c71ae7a5898e91a4fa8","/assets/bg2.png":"adf2ae7958c8f513ae3770cc1a4bb37ca4640b06faa46eae7f056f65ba5a43bb","/assets/Business Media Mags.png":"8cb7325dd44c5220d976310925f0781c974ff08f926e84e2af64c34ddc8e7cf7","/assets/feature1.png":"943d09f1e2052118208da3bf325b7bf4a0fe508d9586f90978e1b0b33bb5fc38","/assets/feature2.png":"0cbd3e2e53dd2d30765d8e8e57ada7c310787dd2a8f402d23a5d820950612bc9","/assets/feature3.png":"a2a5b1c65d8c44c7e6ecf2253f6eafec98b4fce1bca1f1d2bc48e0127531bd5f","/assets/home_last.png":"1ee5eaba56c5fdc9b2dd10d7082eabbb6417d9c8fcdc60f20902e41c5e0a3f8c","/assets/instagram.png":"df8968a7cc68c751c1b7fbcfd81b51ea28f4db3d2db662d4e247645743400b95","/assets/LinkedIn.png":"582aa3d3e548e248007ccbee71a1a51c406b779cbe95eb4e1a38fb45aca32d38","/assets/News 24.png":"6456cec455932af7c18564bf960e138b93dc3c435a8f914b4c3ecc9e1f41cb69","/assets/sign.png":"c2193b5669cfccd9682d3a0e25e1287e7ea459f12956e7b3a76ab2a268ada8e1","/assets/Telkom Future Makers.png":"ac91a3a4d5b01c7d08cb5ced2646cb515aadaa8ac3cdda991981028410ebe638","/assets/Thuto.io.png":"c51e394ae70d6e29c959adff8593371d361a622eab6c28cf46016bb3111657a0","/assets/Thutoring.png":"2e796ffd51bd126c499a57f820f72b1721486939b2a2c43f43576db48fdc7ce5","/assets/Tutoring.png":"a6a22c1b416bf41e2e6f5be2cf05eb0535efa75114d48c3cb09ec41d8e6bbbb7","/assets/UVU Africa.png":"ccf6643272244936fc54126f85401ed3f37d9104ecf239b663c14ac11cf81204","/assets/video.mp4":"f7cc81827a9178957f9d5cd254b2d12d4b4ccaa66dca1fa2f9df295d418669b3","/index.html":"a52a7917ed725ee0a8b952ad4792bf6b8059151d9245103e30df96331815aad3","/runtime.84cfe84ae980253f.js":"f12845de974fd2063beb4519e58b27c98038d204fd74d4f678f4a4631791cce7","/3rdpartylicenses.txt":"adc7b2c77f0f1995a21522a7792718d2206da3557472fc01247d2e0182c180a6","/styles.6c404ea63ef76976.css":"78a6620769722f08c130798ac43d8dc74f92cc6b9fd249eeda55ce1e2ca05b11","/polyfills.a8172d9e5a4cbc7c.js":"89381fb8a8903481552a502e24196fe70eb85c5ec04dedb682c5db488a965107","/main.ec2e2ed741b288d6.js":"12c22f9b7d5c95dcecc280a5a29bea5d08a7617e703ac82b173423d4ccd58be4","/home_last.af5b019f2ac66514.png":"1ee5eaba56c5fdc9b2dd10d7082eabbb6417d9c8fcdc60f20902e41c5e0a3f8c"}}
[debug] [2023-09-19T14:48:28.950Z] <<< [apiv2][status] POST https://firebasehosting.googleapis.com/v1beta1/projects/24367357500/sites/thuto-io/versions/6d6fb3db07b93e17:populateFiles 200
[debug] [2023-09-19T14:48:28.950Z] <<< [apiv2][body] POST https://firebasehosting.googleapis.com/v1beta1/projects/24367357500/sites/thuto-io/versions/6d6fb3db07b93e17:populateFiles {"uploadUrl":"https://upload-firebasehosting.googleapis.com/upload/sites/thuto-io/versions/6d6fb3db07b93e17/files"}
[debug] [2023-09-19T14:48:28.950Z] [hosting][populate queue][FINAL] {"max":2364,"min":2364,"avg":2364,"active":0,"complete":1,"success":1,"errored":0,"retried":0,"total":1,"elapsed":2364}
[debug] [2023-09-19T14:48:28.950Z] [hosting] uploads queued: 0
[debug] [2023-09-19T14:48:28.951Z] [hosting][upload queue][FINAL] {"max":0,"min":9999999999,"avg":0,"active":0,"complete":0,"success":0,"errored":0,"retried":0,"total":0,"elapsed":1695134908951}
[info] +  hosting[thuto-io]: file upload complete 
[debug] [2023-09-19T14:48:28.952Z] [hosting] deploy completed after 2438ms
[debug] [2023-09-19T14:48:28.954Z] [
  {
    "config": {
      "public": "dist/thuto-io",
      "ignore": [
        "firebase.json",
        "**/.*",
        "**/node_modules/**"
      ],
      "rewrites": [
        {
          "source": "**",
          "destination": "/index.html"
        }
      ],
      "site": "thuto-io"
    },
    "version": "projects/24367357500/sites/thuto-io/versions/6d6fb3db07b93e17"
  }
]
[info] i  hosting[thuto-io]: finalizing version... 
[debug] [2023-09-19T14:48:28.956Z] >>> [apiv2][query] PATCH https://firebasehosting.googleapis.com/v1beta1/projects/-/sites/thuto-io/versions/6d6fb3db07b93e17 updateMask=status%2Cconfig
[debug] [2023-09-19T14:48:28.956Z] >>> [apiv2][body] PATCH https://firebasehosting.googleapis.com/v1beta1/projects/-/sites/thuto-io/versions/6d6fb3db07b93e17 {"status":"FINALIZED","config":{"rewrites":[{"glob":"**","path":"/index.html"}]}}
[debug] [2023-09-19T14:48:31.265Z] <<< [apiv2][status] PATCH https://firebasehosting.googleapis.com/v1beta1/projects/-/sites/thuto-io/versions/6d6fb3db07b93e17 200
[debug] [2023-09-19T14:48:31.266Z] <<< [apiv2][body] PATCH https://firebasehosting.googleapis.com/v1beta1/projects/-/sites/thuto-io/versions/6d6fb3db07b93e17 {"name":"projects/24367357500/sites/thuto-io/versions/6d6fb3db07b93e17","status":"FINALIZED","config":{"rewrites":[{"glob":"**","path":"/index.html"}]},"labels":{"deployment-tool":"cli-firebase"},"createTime":"2023-09-19T14:48:26.363298Z","createUser":{"email":"katlehosebiloane58@gmail.com"},"finalizeTime":"2023-09-19T14:48:31.597874Z","finalizeUser":{"email":"katlehosebiloane58@gmail.com"}}
[debug] [2023-09-19T14:48:31.266Z] [hosting] finalized version for thuto-io:[object Object]
[info] +  hosting[thuto-io]: version finalized 
[info] i  hosting[thuto-io]: releasing new version... 
[debug] [2023-09-19T14:48:31.266Z] >>> [apiv2][query] POST https://firebasehosting.googleapis.com/v1beta1/projects/-/sites/thuto-io/channels/live/releases versionName=projects%2F24367357500%2Fsites%2Fthuto-io%2Fversions%2F6d6fb3db07b93e17
[debug] [2023-09-19T14:48:31.267Z] >>> [apiv2][body] POST https://firebasehosting.googleapis.com/v1beta1/projects/-/sites/thuto-io/channels/live/releases {}
